<?xml version="1.0" encoding="UTF-8"?>
<!-- Generated by org.testng.reporters.JUnitReportReporter -->
<testsuite hostname="DESKTOP-HE63O2L" name="com.githubcodepush.Test2" tests="1" failures="0" timestamp="20 Aug 2020 07:48:36 GMT" time="0.002" errors="0">
  <testcase name="f" time="0.002" classname="com.githubcodepush.Test2"/>
</testsuite> <!-- com.githubcodepush.Test2 -->
