<?xml version="1.0" encoding="UTF-8"?>
<!-- Generated by org.testng.reporters.JUnitReportReporter -->
<testsuite hostname="DESKTOP-HE63O2L" name="com.githubcodepush.Test3" tests="1" failures="0" timestamp="20 Aug 2020 07:48:36 GMT" time="19.521" errors="0">
  <testcase name="test3" time="19.521" classname="com.githubcodepush.Test3"/>
</testsuite> <!-- com.githubcodepush.Test3 -->
