<?xml version="1.0" encoding="UTF-8"?>
<!-- Generated by org.testng.reporters.JUnitReportReporter -->
<testsuite hostname="DESKTOP-HE63O2L" name="com.githubcodepush.Test1" tests="1" failures="0" timestamp="20 Aug 2020 07:48:36 GMT" time="0.016" errors="0">
  <testcase name="f" time="0.016" classname="com.githubcodepush.Test1"/>
</testsuite> <!-- com.githubcodepush.Test1 -->
